
🚀 CHAD-AIRLINE FULL PIPELINE
🕒 Time : 2026-01-26 20:02:13Z
🆔 Run ID: demo_001
📁 Run dir: /out/demo_001
📊 Dashboard: /out/demo_001/dashboard
📄 Reports: /out/demo_001/reports
🧾 Legacy dir (real): /out/demo_001/logs_monte_carlo_dashboard
🧾 Debug log: /out/demo_001/pipeline_debug.log
▶ Running: /usr/local/bin/python simulations/ticket_lifecycle_simulator.py
✅ Ticket lifecycle simulation completed.
▶ Running: /usr/local/bin/python simulations/monte_carlo_kpi_dashboard.py

========== AIRLINE MONTE CARLO KPI DASHBOARD ==========

 flight    class  mean_revenue  revenue_std  mean_load  load_std  avg_denied
FL-1001  economy  22383.183911   403.802748  99.434667  0.996296       3.566
FL-1001 business  19570.959184   797.800173  97.872000  3.330736       3.216
FL-1001    first  14263.911616  1458.910707  94.890000  8.448708       3.368
FL-1002  economy  22371.233005   452.225913  99.286667  1.123245       3.362
FL-1002 business  19604.888624   777.927246  98.028000  3.300455       3.364
FL-1002    first  14337.306103  1359.250948  95.420000  8.145938       3.614
FL-1003  economy  22375.277041   419.743725  99.386667  1.055486       3.528
FL-1003 business  19579.565096   778.347524  97.876000  3.332091       3.104
FL-1003    first  14241.071919  1406.687264  94.770000  8.487708       3.200
FL-1004  economy  22365.224717   441.804989  99.286667  1.130359       3.118
FL-1004 business  19609.376424   805.033954  98.100000  3.323265       3.580
FL-1004    first  14301.572223  1352.464905  95.320000  8.094977       3.428
FL-1005  economy  22340.648875   429.790420  99.356000  1.093460       3.486
FL-1005 business  19696.263083   727.486206  98.480000  2.957549       3.500
FL-1005    first  14267.938304  1346.580153  95.110000  8.072685       3.362
FL-1006  economy  22360.857543   429.130914  99.410667  1.052305       3.442
FL-1006 business  19628.396535   771.192248  98.024000  3.245380       3.382
FL-1006    first  14374.943944  1346.296765  95.640000  7.817456       3.680
FL-1007  economy  22373.776972   442.137713  99.353333  1.085337       3.512
FL-1007 business  19617.750827   718.486583  98.096000  3.094825       3.440
FL-1007    first  14333.767754  1341.084036  95.350000  8.103013       3.610
FL-1008  economy  22357.005789   427.961475  99.368000  1.096805       3.438
FL-1008 business  19671.255286   700.907636  98.344000  3.029855       3.530
FL-1008    first  14367.863284  1337.006167  95.920000  7.554319       3.608
FL-1009  economy  22358.005032   439.688245  99.368000  1.087017       3.380
FL-1009 business  19522.412464   803.944299  97.860000  3.409935       3.284
FL-1009    first  14303.730451  1344.950168  95.290000  7.854252       3.624
FL-1010  economy  22354.222736   419.225118  99.357333  1.074119       3.412
FL-1010 business  19607.057761   722.592985  98.052000  3.135755       3.220
FL-1010    first  14306.715018  1382.684706  95.240000  8.171655       3.562

✅ Dashboard generated! Check PNG files and CSV logs in 'logs_monte_carlo_dashboard/'
▶ Running: /usr/local/bin/python simulations/airline_risk_engine.py

📉 AIRLINE RISK & CONFIDENCE ENGINE

     flight     class  mean_revenue  ...  ci_upper_95    VaR_95   CVaR_95
0   FL-1001  business      19570.96  ...     20694.29  18044.59  17705.34
1   FL-1001   economy      22383.18  ...     23230.59  21707.24  21517.88
2   FL-1001     first      14263.91  ...     16263.75  11229.19  10765.84
3   FL-1002  business      19604.89  ...     20709.26  18041.97  17757.40
4   FL-1002   economy      22371.23  ...     23146.04  21542.18  21372.93
5   FL-1002     first      14337.31  ...     16230.91  11608.01  11000.45
6   FL-1003  business      19579.57  ...     20632.39  18018.80  17725.54
7   FL-1003   economy      22375.28  ...     23155.41  21654.17  21440.63
8   FL-1003     first      14241.07  ...     16142.60  11375.20  10886.97
9   FL-1004  business      19609.38  ...     20756.04  17869.37  17610.27
10  FL-1004   economy      22365.22  ...     23205.54  21593.94  21401.36
11  FL-1004     first      14301.57  ...     16124.57  11392.32  10952.55
12  FL-1005  business      19696.26  ...     20775.78  18212.52  17826.38
13  FL-1005   economy      22340.65  ...     23137.11  21596.59  21422.24
14  FL-1005     first      14267.94  ...     16251.00  11401.38  11044.29
15  FL-1006  business      19628.40  ...     20769.70  18048.06  17746.66
16  FL-1006   economy      22360.86  ...     23173.48  21626.12  21446.43
17  FL-1006     first      14374.94  ...     16104.64  11499.91  10844.18
18  FL-1007  business      19617.75  ...     20714.88  18236.12  17888.99
19  FL-1007   economy      22373.78  ...     23204.63  21610.55  21403.36

[20 rows x 8 columns]

✅ Risk report saved to logs_monte_carlo_dashboard/airline_risk_report.csv
▶ Running: /usr/local/bin/python simulations/probability_of_loss_engine.py

📊 PROBABILITY OF LOSS REPORT

     flight     class  ...  probability_of_loss  risk_level
0   FL-1001  business  ...               0.0001        SAFE
1   FL-1001   economy  ...               0.0000        SAFE
2   FL-1001     first  ...               0.0710     WARNING
3   FL-1002  business  ...               0.0001        SAFE
4   FL-1002   economy  ...               0.0000        SAFE
5   FL-1002     first  ...               0.0566     WARNING
6   FL-1003  business  ...               0.0001        SAFE
7   FL-1003   economy  ...               0.0000        SAFE
8   FL-1003     first  ...               0.0642     WARNING
9   FL-1004  business  ...               0.0001        SAFE
10  FL-1004   economy  ...               0.0000        SAFE
11  FL-1004     first  ...               0.0562     WARNING
12  FL-1005  business  ...               0.0000        SAFE
13  FL-1005   economy  ...               0.0000        SAFE
14  FL-1005     first  ...               0.0558     WARNING
15  FL-1006  business  ...               0.0001        SAFE
16  FL-1006   economy  ...               0.0000        SAFE
17  FL-1006     first  ...               0.0544     WARNING
18  FL-1007  business  ...               0.0000        SAFE
19  FL-1007   economy  ...               0.0000        SAFE
20  FL-1007     first  ...               0.0543     WARNING
21  FL-1008  business  ...               0.0000        SAFE
22  FL-1008   economy  ...               0.0000        SAFE
23  FL-1008     first  ...               0.0533     WARNING
24  FL-1009  business  ...               0.0001        SAFE
25  FL-1009   economy  ...               0.0000        SAFE
26  FL-1009     first  ...               0.0551     WARNING
27  FL-1010  business  ...               0.0000        SAFE
28  FL-1010   economy  ...               0.0000        SAFE
29  FL-1010     first  ...               0.0601     WARNING

[30 rows x 6 columns]

✅ Report saved to logs_monte_carlo_dashboard/probability_of_loss_report.csv
▶ Running: /usr/local/bin/python simulations/airline_raroc_engine.py

🏦 AIRLINE RAROC ENGINE

     flight     class     RAROC  decision
7   FL-1003   economy  1.296117  MAINTAIN
1   FL-1001   economy  1.280140  MAINTAIN
19  FL-1007   economy  1.271466  MAINTAIN
12  FL-1005  business  1.260247  MAINTAIN
18  FL-1007  business  1.251250  MAINTAIN
10  FL-1004   economy  1.249691  MAINTAIN
16  FL-1006   economy  1.244571  MAINTAIN
28  FL-1010   economy  1.238560  MAINTAIN
13  FL-1005   economy  1.234320  MAINTAIN
17  FL-1006     first  1.228078  MAINTAIN
5   FL-1002     first  1.222609  MAINTAIN
0   FL-1001  business  1.222255  MAINTAIN
29  FL-1010     first  1.216791  MAINTAIN
22  FL-1008   economy  1.208036  MAINTAIN
4   FL-1002   economy  1.204148  MAINTAIN
27  FL-1010  business  1.203060  MAINTAIN
21  FL-1008  business  1.199612      EXIT
15  FL-1006  business  1.190722      EXIT
26  FL-1009     first  1.190299      EXIT
6   FL-1003  business  1.187895      EXIT
25  FL-1009   economy  1.185769      EXIT
3   FL-1002  business  1.182074      EXIT
20  FL-1007     first  1.173076      EXIT
8   FL-1003     first  1.170363      EXIT
2   FL-1001     first  1.152683      EXIT
11  FL-1004     first  1.151163      EXIT
9   FL-1004  business  1.148909      EXIT
23  FL-1008     first  1.136350      EXIT
24  FL-1009  business  1.126951      EXIT
14  FL-1005     first  1.124568      EXIT

✅ RAROC report saved to logs_monte_carlo_dashboard/airline_raroc_report.csv
▶ Running: /usr/local/bin/python simulations/airline_stress_test_engine.py
✅ Stress report saved to logs_monte_carlo_dashboard/airline_stress_test_report.csv
▶ Running: /usr/local/bin/python simulations/airline_board_decision_engine.py

🏛️ AIRLINE BOARD DECISION ENGINE

     flight     class     RAROC  ... stressed_raroc  survival      board_decision
20  FL-1007     first  1.173076  ...       0.997115     FAILS  GROUND IMMEDIATELY
8   FL-1003     first  1.170363  ...       0.994809     FAILS  GROUND IMMEDIATELY
2   FL-1001     first  1.152683  ...       0.979781     FAILS  GROUND IMMEDIATELY
11  FL-1004     first  1.151163  ...       0.978488     FAILS  GROUND IMMEDIATELY
23  FL-1008     first  1.136350  ...       0.965898     FAILS  GROUND IMMEDIATELY
14  FL-1005     first  1.124568  ...       0.955883     FAILS  GROUND IMMEDIATELY
7   FL-1003   economy  1.296117  ...       1.101700  SURVIVES            MAINTAIN
1   FL-1001   economy  1.280140  ...       1.088119  SURVIVES            MAINTAIN
19  FL-1007   economy  1.271466  ...       1.080746  SURVIVES            MAINTAIN
12  FL-1005  business  1.260247  ...       1.071210  SURVIVES            MAINTAIN
18  FL-1007  business  1.251250  ...       1.063562  SURVIVES            MAINTAIN
10  FL-1004   economy  1.249691  ...       1.062238  SURVIVES            MAINTAIN
16  FL-1006   economy  1.244571  ...       1.057885  SURVIVES            MAINTAIN
28  FL-1010   economy  1.238560  ...       1.052776  SURVIVES            MAINTAIN
13  FL-1005   economy  1.234320  ...       1.049172  SURVIVES            MAINTAIN
17  FL-1006     first  1.228078  ...       1.043867  SURVIVES            MAINTAIN
5   FL-1002     first  1.222609  ...       1.039217  SURVIVES            MAINTAIN
0   FL-1001  business  1.222255  ...       1.038917  SURVIVES            MAINTAIN
29  FL-1010     first  1.216791  ...       1.034272  SURVIVES            MAINTAIN
22  FL-1008   economy  1.208036  ...       1.026831  SURVIVES            MAINTAIN
4   FL-1002   economy  1.204148  ...       1.023525  SURVIVES            MAINTAIN
27  FL-1010  business  1.203060  ...       1.022601  SURVIVES            MAINTAIN
21  FL-1008  business  1.199612  ...       1.019670  SURVIVES         RESTRUCTURE
15  FL-1006  business  1.190722  ...       1.012114  SURVIVES         RESTRUCTURE
26  FL-1009     first  1.190299  ...       1.011754  SURVIVES         RESTRUCTURE
6   FL-1003  business  1.187895  ...       1.009711  SURVIVES         RESTRUCTURE
25  FL-1009   economy  1.185769  ...       1.007904  SURVIVES         RESTRUCTURE
3   FL-1002  business  1.182074  ...       1.004763  SURVIVES         RESTRUCTURE
9   FL-1004  business  1.148909  ...       0.976572     FAILS         RESTRUCTURE
24  FL-1009  business  1.126951  ...       0.957908     FAILS         RESTRUCTURE

[30 rows x 16 columns]

✅ BOARD DECISIONS SAVED: logs_monte_carlo_dashboard/airline_board_decisions.csv  (rows=30)
▶ Running: /usr/local/bin/python simulations/airline_execution_engine.py

🛫 AIRLINE EXECUTION ENGINE

     flight     class  ...     fleet_action  status
0   FL-1007     first  ...  GROUND AIRCRAFT  GROUND
1   FL-1003     first  ...  GROUND AIRCRAFT  GROUND
2   FL-1001     first  ...  GROUND AIRCRAFT  GROUND
3   FL-1004     first  ...  GROUND AIRCRAFT  GROUND
4   FL-1008     first  ...  GROUND AIRCRAFT  GROUND
5   FL-1005     first  ...  GROUND AIRCRAFT  GROUND
6   FL-1003   economy  ...        NO CHANGE  ACTIVE
7   FL-1001   economy  ...        NO CHANGE  ACTIVE
8   FL-1007   economy  ...        NO CHANGE  ACTIVE
9   FL-1005  business  ...        NO CHANGE  ACTIVE
10  FL-1007  business  ...        NO CHANGE  ACTIVE
11  FL-1004   economy  ...        NO CHANGE  ACTIVE
12  FL-1006   economy  ...        NO CHANGE  ACTIVE
13  FL-1010   economy  ...        NO CHANGE  ACTIVE
14  FL-1005   economy  ...        NO CHANGE  ACTIVE
15  FL-1006     first  ...        NO CHANGE  ACTIVE
16  FL-1002     first  ...        NO CHANGE  ACTIVE
17  FL-1001  business  ...        NO CHANGE  ACTIVE
18  FL-1010     first  ...        NO CHANGE  ACTIVE
19  FL-1008   economy  ...        NO CHANGE  ACTIVE
20  FL-1002   economy  ...        NO CHANGE  ACTIVE
21  FL-1010  business  ...        NO CHANGE  ACTIVE
22  FL-1008  business  ...        DOWNGAUGE  ACTIVE
23  FL-1006  business  ...        DOWNGAUGE  ACTIVE
24  FL-1009     first  ...        DOWNGAUGE  ACTIVE
25  FL-1003  business  ...        DOWNGAUGE  ACTIVE
26  FL-1009   economy  ...        DOWNGAUGE  ACTIVE
27  FL-1002  business  ...        DOWNGAUGE  ACTIVE
28  FL-1004  business  ...        DOWNGAUGE  ACTIVE
29  FL-1009  business  ...        DOWNGAUGE  ACTIVE

[30 rows x 7 columns]

✅ EXECUTION PLAN SAVED: logs_monte_carlo_dashboard/airline_execution_plan.csv
▶ Running: /usr/local/bin/python simulations/airline_decision_explainability_engine.py

🧾 AIRLINE DECISION EXPLAINABILITY ENGINE

✅ EXPLAINABILITY REPORT CREATED: logs_monte_carlo_dashboard/airline_decision_explainability_report.csv
📌 Schema-adaptive, audit-safe, regulator-ready
✅ Copied 8 report file(s) into dashboard/

📊 Generating charts into dashboard/images/ ...

🖼️ saved: /out/demo_001/dashboard/images/01_mean_revenue_by_flight_class.png
🖼️ saved: /out/demo_001/dashboard/images/02_probability_of_loss_by_flight_class.png
🖼️ saved: /out/demo_001/dashboard/images/03_raroc_by_flight_class.png
🖼️ saved: /out/demo_001/dashboard/images/04_board_decision_distribution.png
🖼️ saved: /out/demo_001/dashboard/images/05_fleet_action_distribution.png
🖼️ charts_created=5 (dashboard/images)

🧾 Generating CEO PDF...

▶ Running: /usr/local/bin/python simulations/airline_ceo_pdf_report.py --dashboard /out/demo_001/dashboard --out /out/demo_001/reports
✅ CEO report generated: /out/demo_001/reports/EXECUTIVE_REPORT.pdf (bytes=309395)

📦 RUN ARTIFACT SUMMARY
 - airline_board_decisions.csv         rows=30     status=OK
 - airline_decision_explainability_report.csv rows=30     status=OK
 - airline_risk_report.csv             rows=30     status=OK
 - airline_raroc_report.csv            rows=30     status=OK
 - probability_of_loss_report.csv      rows=30     status=OK
 - airline_execution_plan.csv          rows=30     status=OK
 - airline_stress_test_report.csv      rows=30     status=OK
 - EXECUTIVE_REPORT.pdf                     status=OK

✅ RUN COMPLETED (charts embedded-ready)
🖼️ dashboard/images pngs = 5
