
==========================================================================================
TIME: 2026-01-20 20:12:50Z
SYMLINK: /app/logs_monte_carlo_dashboard -> /out/demo_001/logs_monte_carlo_dashboard

==========================================================================================
TIME: 2026-01-20 20:12:50Z
CMD : /usr/local/bin/python simulations/ticket_lifecycle_simulator.py
CWD : /app
RC  : 0
--- STDOUT ---
âœ… Ticket lifecycle simulation completed.


==========================================================================================
TIME: 2026-01-20 20:12:57Z
CMD : /usr/local/bin/python simulations/monte_carlo_kpi_dashboard.py
CWD : /app
RC  : 0
--- STDOUT ---

========== AIRLINE MONTE CARLO KPI DASHBOARD ==========

 flight    class  mean_revenue  revenue_std  mean_load  load_std  avg_denied
FL-1001  economy  22388.602082   414.772340  99.436000  1.029142       3.546
FL-1001 business  19592.366342   769.163481  98.068000  3.309574       3.590
FL-1001    first  14318.274319  1371.784459  95.480000  8.068445       3.796
FL-1002  economy  22370.100393   428.501914  99.374667  1.057289       3.302
FL-1002 business  19656.740525   747.262584  98.156000  3.185586       3.306
FL-1002    first  14281.845950  1369.595128  95.170000  7.971712       3.394
FL-1003  economy  22339.807628   423.432158  99.389333  1.043465       3.330
FL-1003 business  19676.461957   718.688982  98.404000  3.005137       3.714
FL-1003    first  14427.336345  1265.138838  96.120000  7.031678       3.748
FL-1004  economy  22351.166962   407.959085  99.362667  1.075644       3.572
FL-1004 business  19601.183410   766.241941  98.052000  3.221498       3.394
FL-1004    first  14306.765620  1359.780403  95.100000  7.881258       3.446
FL-1005  economy  22399.228160   429.108396  99.377333  1.059706       3.604
FL-1005 business  19696.298059   716.146214  98.356000  3.032434       3.642
FL-1005    first  14337.751511  1349.545631  95.560000  7.759305       3.550
FL-1006  economy  22374.735634   408.277179  99.409333  1.046035       3.560
FL-1006 business  19582.881652   794.105675  98.016000  3.262673       3.588
FL-1006    first  14235.322875  1307.039721  95.270000  7.771608       3.484
FL-1007  economy  22307.566179   448.388825  99.325333  1.130114       3.422
FL-1007 business  19617.968362   770.148634  98.088000  3.276236       3.232
FL-1007    first  14295.364706  1316.253419  95.090000  7.878200       3.346
FL-1008  economy  22366.791495   427.597419  99.393333  1.065627       3.188
FL-1008 business  19607.237781   749.084362  98.008000  3.357153       3.410
FL-1008    first  14271.901567  1328.295373  95.350000  7.984673       3.454
FL-1009  economy  22349.499722   439.234502  99.305333  1.118305       3.126
FL-1009 business  19591.237304   797.973089  97.876000  3.344098       3.390
FL-1009    first  14292.953087  1371.134634  95.270000  8.136923       3.570
FL-1010  economy  22359.183634   428.319647  99.400000  1.080587       3.678
FL-1010 business  19623.595591   777.422132  98.056000  3.281829       3.454
FL-1010    first  14250.424138  1329.667716  95.240000  7.859130       3.186

âœ… Dashboard generated! Check PNG files and CSV logs in 'logs_monte_carlo_dashboard/'


==========================================================================================
TIME: 2026-01-20 20:12:58Z
CMD : /usr/local/bin/python simulations/airline_risk_engine.py
CWD : /app
RC  : 0
--- STDOUT ---

ðŸ“‰ AIRLINE RISK & CONFIDENCE ENGINE

     flight     class  mean_revenue  ...  ci_upper_95    VaR_95   CVaR_95
0   FL-1001  business      19592.37  ...     20669.22  18020.04  17715.54
1   FL-1001   economy      22388.60  ...     23131.37  21595.68  21443.05
2   FL-1001     first      14318.27  ...     16050.54  11410.76  10959.16
3   FL-1002  business      19656.74  ...     20712.06  18060.79  17766.89
4   FL-1002   economy      22370.10  ...     23156.43  21641.87  21435.07
5   FL-1002     first      14281.85  ...     16159.43  11513.99  10957.32
6   FL-1003  business      19676.46  ...     20735.29  18061.36  17906.94
7   FL-1003   economy      22339.81  ...     23079.80  21609.46  21433.32
8   FL-1003     first      14427.34  ...     16131.84  11753.02  11233.93
9   FL-1004  business      19601.18  ...     20661.68  18025.96  17697.60
10  FL-1004   economy      22351.17  ...     23102.25  21649.93  21498.48
11  FL-1004     first      14306.77  ...     16169.65  11484.59  10960.28
12  FL-1005  business      19696.30  ...     20704.47  18167.49  17837.10
13  FL-1005   economy      22399.23  ...     23208.38  21628.50  21492.85
14  FL-1005     first      14337.75  ...     16111.96  11531.79  11024.41
15  FL-1006  business      19582.88  ...     20736.39  17979.11  17717.83
16  FL-1006   economy      22374.74  ...     23084.45  21640.24  21473.12
17  FL-1006     first      14235.32  ...     16038.42  11550.34  11053.66
18  FL-1007  business      19617.97  ...     20767.08  18061.15  17723.62
19  FL-1007   economy      22307.57  ...     23108.99  21544.23  21332.04

[20 rows x 8 columns]

âœ… Risk report saved to logs_monte_carlo_dashboard/airline_risk_report.csv


==========================================================================================
TIME: 2026-01-20 20:12:59Z
CMD : /usr/local/bin/python simulations/probability_of_loss_engine.py
CWD : /app
RC  : 0
--- STDOUT ---

ðŸ“Š PROBABILITY OF LOSS REPORT

     flight     class  ...  probability_of_loss  risk_level
0   FL-1001  business  ...               0.0001        SAFE
1   FL-1001   economy  ...               0.0000        SAFE
2   FL-1001     first  ...               0.0585     WARNING
3   FL-1002  business  ...               0.0000        SAFE
4   FL-1002   economy  ...               0.0000        SAFE
5   FL-1002     first  ...               0.0587     WARNING
6   FL-1003  business  ...               0.0000        SAFE
7   FL-1003   economy  ...               0.0000        SAFE
8   FL-1003     first  ...               0.0434        SAFE
9   FL-1004  business  ...               0.0001        SAFE
10  FL-1004   economy  ...               0.0000        SAFE
11  FL-1004     first  ...               0.0571     WARNING
12  FL-1005  business  ...               0.0000        SAFE
13  FL-1005   economy  ...               0.0000        SAFE
14  FL-1005     first  ...               0.0553     WARNING
15  FL-1006  business  ...               0.0001        SAFE
16  FL-1006   economy  ...               0.0000        SAFE
17  FL-1006     first  ...               0.0510     WARNING
18  FL-1007  business  ...               0.0001        SAFE
19  FL-1007   economy  ...               0.0000        SAFE
20  FL-1007     first  ...               0.0515     WARNING
21  FL-1008  business  ...               0.0000        SAFE
22  FL-1008   economy  ...               0.0000        SAFE
23  FL-1008     first  ...               0.0533     WARNING
24  FL-1009  business  ...               0.0001        SAFE
25  FL-1009   economy  ...               0.0000        SAFE
26  FL-1009     first  ...               0.0588     WARNING
27  FL-1010  business  ...               0.0001        SAFE
28  FL-1010   economy  ...               0.0000        SAFE
29  FL-1010     first  ...               0.0538     WARNING

[30 rows x 6 columns]

âœ… Report saved to logs_monte_carlo_dashboard/probability_of_loss_report.csv


==========================================================================================
TIME: 2026-01-20 20:13:00Z
CMD : /usr/local/bin/python simulations/airline_raroc_engine.py
CWD : /app
RC  : 0
--- STDOUT ---

ðŸ¦ AIRLINE RAROC ENGINE

     flight     class     RAROC  decision
4   FL-1002   economy  1.283973  MAINTAIN
19  FL-1007   economy  1.277986  MAINTAIN
22  FL-1008   economy  1.270887  MAINTAIN
28  FL-1010   economy  1.257340  MAINTAIN
7   FL-1003   economy  1.241179  MAINTAIN
16  FL-1006   economy  1.227542  MAINTAIN
18  FL-1007  business  1.216802  MAINTAIN
12  FL-1005  business  1.216113  MAINTAIN
10  FL-1004   economy  1.215976  MAINTAIN
23  FL-1008     first  1.214119  MAINTAIN
9   FL-1004  business  1.208455  MAINTAIN
5   FL-1002     first  1.201118  MAINTAIN
8   FL-1003     first  1.194103      EXIT
0   FL-1001  business  1.193659      EXIT
1   FL-1001   economy  1.192493      EXIT
21  FL-1008  business  1.187611      EXIT
11  FL-1004     first  1.185785      EXIT
17  FL-1006     first  1.184983      EXIT
3   FL-1002  business  1.184154      EXIT
14  FL-1005     first  1.180823      EXIT
13  FL-1005   economy  1.176003      EXIT
27  FL-1010  business  1.173288      EXIT
25  FL-1009   economy  1.169553      EXIT
20  FL-1007     first  1.168310      EXIT
24  FL-1009  business  1.166186      EXIT
15  FL-1006  business  1.162914      EXIT
26  FL-1009     first  1.156302      EXIT
2   FL-1001     first  1.155321      EXIT
29  FL-1010     first  1.129819      EXIT
6   FL-1003  business  1.095610      EXIT

âœ… RAROC report saved to logs_monte_carlo_dashboard/airline_raroc_report.csv


==========================================================================================
TIME: 2026-01-20 20:13:00Z
CMD : /usr/local/bin/python simulations/airline_stress_test_engine.py
CWD : /app
RC  : 0
--- STDOUT ---
âœ… Stress report saved to logs_monte_carlo_dashboard/airline_stress_test_report.csv


==========================================================================================
TIME: 2026-01-20 20:13:01Z
CMD : /usr/local/bin/python simulations/airline_board_decision_engine.py
CWD : /app
RC  : 0
--- STDOUT ---

ðŸ›ï¸ AIRLINE BOARD DECISION ENGINE

     flight     class     RAROC  ... stressed_raroc  survival      board_decision
20  FL-1007     first  1.168310  ...       0.993064     FAILS  GROUND IMMEDIATELY
26  FL-1009     first  1.156302  ...       0.982857     FAILS  GROUND IMMEDIATELY
2   FL-1001     first  1.155321  ...       0.982023     FAILS  GROUND IMMEDIATELY
29  FL-1010     first  1.129819  ...       0.960347     FAILS  GROUND IMMEDIATELY
4   FL-1002   economy  1.283973  ...       1.091377  SURVIVES            MAINTAIN
19  FL-1007   economy  1.277986  ...       1.086288  SURVIVES            MAINTAIN
22  FL-1008   economy  1.270887  ...       1.080254  SURVIVES            MAINTAIN
28  FL-1010   economy  1.257340  ...       1.068739  SURVIVES            MAINTAIN
7   FL-1003   economy  1.241179  ...       1.055002  SURVIVES            MAINTAIN
16  FL-1006   economy  1.227542  ...       1.043411  SURVIVES            MAINTAIN
18  FL-1007  business  1.216802  ...       1.034281  SURVIVES            MAINTAIN
12  FL-1005  business  1.216113  ...       1.033696  SURVIVES            MAINTAIN
10  FL-1004   economy  1.215976  ...       1.033580  SURVIVES            MAINTAIN
23  FL-1008     first  1.214119  ...       1.032001  SURVIVES            MAINTAIN
9   FL-1004  business  1.208455  ...       1.027187  SURVIVES            MAINTAIN
5   FL-1002     first  1.201118  ...       1.020951  SURVIVES            MAINTAIN
8   FL-1003     first  1.194103  ...       1.014988  SURVIVES         RESTRUCTURE
0   FL-1001  business  1.193659  ...       1.014610  SURVIVES         RESTRUCTURE
1   FL-1001   economy  1.192493  ...       1.013619  SURVIVES         RESTRUCTURE
21  FL-1008  business  1.187611  ...       1.009469  SURVIVES         RESTRUCTURE
11  FL-1004     first  1.185785  ...       1.007917  SURVIVES         RESTRUCTURE
17  FL-1006     first  1.184983  ...       1.007236  SURVIVES         RESTRUCTURE
3   FL-1002  business  1.184154  ...       1.006531  SURVIVES         RESTRUCTURE
14  FL-1005     first  1.180823  ...       1.003700  SURVIVES         RESTRUCTURE
13  FL-1005   economy  1.176003  ...       0.999603     FAILS         RESTRUCTURE
27  FL-1010  business  1.173288  ...       0.997295     FAILS         RESTRUCTURE
25  FL-1009   economy  1.169553  ...       0.994120     FAILS         RESTRUCTURE
24  FL-1009  business  1.166186  ...       0.991258     FAILS         RESTRUCTURE
15  FL-1006  business  1.162914  ...       0.988477     FAILS         RESTRUCTURE
6   FL-1003  business  1.095610  ...       0.931269     FAILS                EXIT

[30 rows x 16 columns]

âœ… BOARD DECISIONS SAVED: logs_monte_carlo_dashboard/airline_board_decisions.csv  (rows=30)


==========================================================================================
TIME: 2026-01-20 20:13:02Z
CMD : /usr/local/bin/python simulations/airline_execution_engine.py
CWD : /app
RC  : 0
--- STDOUT ---

ðŸ›« AIRLINE EXECUTION ENGINE

     flight     class  ...     fleet_action     status
0   FL-1007     first  ...  GROUND AIRCRAFT     GROUND
1   FL-1009     first  ...  GROUND AIRCRAFT     GROUND
2   FL-1001     first  ...  GROUND AIRCRAFT     GROUND
3   FL-1010     first  ...  GROUND AIRCRAFT     GROUND
4   FL-1002   economy  ...        NO CHANGE     ACTIVE
5   FL-1007   economy  ...        NO CHANGE     ACTIVE
6   FL-1008   economy  ...        NO CHANGE     ACTIVE
7   FL-1010   economy  ...        NO CHANGE     ACTIVE
8   FL-1003   economy  ...        NO CHANGE     ACTIVE
9   FL-1006   economy  ...        NO CHANGE     ACTIVE
10  FL-1007  business  ...        NO CHANGE     ACTIVE
11  FL-1005  business  ...        NO CHANGE     ACTIVE
12  FL-1004   economy  ...        NO CHANGE     ACTIVE
13  FL-1008     first  ...        NO CHANGE     ACTIVE
14  FL-1004  business  ...        NO CHANGE     ACTIVE
15  FL-1002     first  ...        NO CHANGE     ACTIVE
16  FL-1003     first  ...        DOWNGAUGE     ACTIVE
17  FL-1001  business  ...        DOWNGAUGE     ACTIVE
18  FL-1001   economy  ...        DOWNGAUGE     ACTIVE
19  FL-1008  business  ...        DOWNGAUGE     ACTIVE
20  FL-1004     first  ...        DOWNGAUGE     ACTIVE
21  FL-1006     first  ...        DOWNGAUGE     ACTIVE
22  FL-1002  business  ...        DOWNGAUGE     ACTIVE
23  FL-1005     first  ...        DOWNGAUGE     ACTIVE
24  FL-1005   economy  ...        DOWNGAUGE     ACTIVE
25  FL-1010  business  ...        DOWNGAUGE     ACTIVE
26  FL-1009   economy  ...        DOWNGAUGE     ACTIVE
27  FL-1009  business  ...        DOWNGAUGE     ACTIVE
28  FL-1006  business  ...        DOWNGAUGE     ACTIVE
29  FL-1003  business  ...     REMOVE CABIN  SUSPENDED

[30 rows x 7 columns]

âœ… EXECUTION PLAN SAVED: logs_monte_carlo_dashboard/airline_execution_plan.csv


==========================================================================================
TIME: 2026-01-20 20:13:02Z
CMD : /usr/local/bin/python simulations/airline_decision_explainability_engine.py
CWD : /app
RC  : 0
--- STDOUT ---

ðŸ§¾ AIRLINE DECISION EXPLAINABILITY ENGINE

âœ… EXPLAINABILITY REPORT CREATED: logs_monte_carlo_dashboard/airline_decision_explainability_report.csv
ðŸ“Œ Schema-adaptive, audit-safe, regulator-ready



ðŸ–¼ï¸ saved: /out/demo_001/dashboard/images/01_mean_revenue_by_flight_class.png

ðŸ–¼ï¸ saved: /out/demo_001/dashboard/images/02_probability_of_loss_by_flight_class.png

ðŸ–¼ï¸ saved: /out/demo_001/dashboard/images/03_raroc_by_flight_class.png

ðŸ–¼ï¸ saved: /out/demo_001/dashboard/images/04_board_decision_distribution.png

ðŸ–¼ï¸ saved: /out/demo_001/dashboard/images/05_fleet_action_distribution.png

ðŸ–¼ï¸ charts_created=5 (dashboard/images)

==========================================================================================
TIME: 2026-01-20 20:13:06Z
CMD : /usr/local/bin/python simulations/airline_ceo_pdf_report.py --dashboard /out/demo_001/dashboard --out /out/demo_001/reports
CWD : /app
RC  : 0
--- STDOUT ---
âœ… CEO report generated: /out/demo_001/reports/EXECUTIVE_REPORT.pdf (bytes=310372)


==========================================================================================
TIME: 2026-01-20 20:49:11Z
SYMLINK: /app/logs_monte_carlo_dashboard -> /out/demo_001/logs_monte_carlo_dashboard

==========================================================================================
TIME: 2026-01-20 20:49:12Z
CMD : /usr/local/bin/python simulations/ticket_lifecycle_simulator.py
CWD : /app
RC  : 0
--- STDOUT ---
âœ… Ticket lifecycle simulation completed.


==========================================================================================
TIME: 2026-01-20 20:49:25Z
CMD : /usr/local/bin/python simulations/monte_carlo_kpi_dashboard.py
CWD : /app
RC  : 0
--- STDOUT ---

========== AIRLINE MONTE CARLO KPI DASHBOARD ==========

 flight    class  mean_revenue  revenue_std  mean_load  load_std  avg_denied
FL-1001  economy  22366.871186   403.027823  99.356000  1.027098       3.038
FL-1001 business  19614.287187   787.469739  98.036000  3.290647       3.342
FL-1001    first  14227.176736  1412.060338  94.750000  8.545968       3.188
FL-1002  economy  22348.550627   445.329359  99.392000  1.082698       3.274
FL-1002 business  19655.764615   746.092636  98.236000  3.175606       3.334
FL-1002    first  14338.200716  1345.911302  95.470000  7.947038       3.480
FL-1003  economy  22332.247838   415.617125  99.436000  1.001065       3.550
FL-1003 business  19586.657559   781.733882  97.912000  3.426915       3.378
FL-1003    first  14255.878059  1363.856692  95.370000  8.077350       3.402
FL-1004  economy  22360.863009   428.722387  99.382667  1.041667       3.416
FL-1004 business  19623.832231   778.162425  98.188000  3.216418       3.206
FL-1004    first  14294.354779  1342.927487  95.280000  7.940258       3.380
FL-1005  economy  22357.044432   429.974010  99.390667  1.074098       3.526
FL-1005 business  19629.699937   761.326247  98.120000  3.213449       3.586
FL-1005    first  14345.201632  1373.712485  95.610000  7.899538       3.544
FL-1006  economy  22348.546364   422.810491  99.362667  1.069832       3.340
FL-1006 business  19593.077251   768.653660  97.964000  3.273551       3.188
FL-1006    first  14286.193221  1352.801835  95.510000  7.778877       3.432
FL-1007  economy  22346.716266   435.415380  99.305333  1.119897       3.322
FL-1007 business  19591.419486   780.082713  97.964000  3.331802       3.350
FL-1007    first  14307.955932  1353.141357  95.310000  8.042591       3.618
FL-1008  economy  22362.742023   416.434079  99.390667  1.054854       3.342
FL-1008 business  19622.583443   772.451451  98.108000  3.237483       3.366
FL-1008    first  14260.712326  1383.193256  95.100000  8.272053       3.508
FL-1009  economy  22357.366330   427.232806  99.353333  1.067130       3.314
FL-1009 business  19630.709284   783.145517  98.192000  3.136688       3.270
FL-1009    first  14209.092543  1464.167169  94.790000  8.576305       3.310
FL-1010  economy  22331.957486   422.732628  99.377333  1.058024       3.452
FL-1010 business  19615.834496   767.561848  98.120000  3.175810       3.228
FL-1010    first  14243.925890  1415.384724  94.820000  8.414821       3.564

âœ… Dashboard generated! Check PNG files and CSV logs in 'logs_monte_carlo_dashboard/'


==========================================================================================
TIME: 2026-01-20 20:49:26Z
CMD : /usr/local/bin/python simulations/airline_risk_engine.py
CWD : /app
RC  : 0
--- STDOUT ---

ðŸ“‰ AIRLINE RISK & CONFIDENCE ENGINE

     flight     class  mean_revenue  ...  ci_upper_95    VaR_95   CVaR_95
0   FL-1001  business      19614.29  ...     20746.57  18054.53  17713.64
1   FL-1001   economy      22366.87  ...     23135.36  21680.99  21543.82
2   FL-1001     first      14227.18  ...     16034.56  11236.62  10887.16
3   FL-1002  business      19655.76  ...     20761.62  18102.22  17736.89
4   FL-1002   economy      22348.55  ...     23162.70  21580.15  21361.95
5   FL-1002     first      14338.20  ...     16166.89  11508.92  10852.74
6   FL-1003  business      19586.66  ...     20697.35  18079.44  17813.63
7   FL-1003   economy      22332.25  ...     23159.53  21661.59  21463.28
8   FL-1003     first      14255.88  ...     16135.80  11367.87  10846.28
9   FL-1004  business      19623.83  ...     20790.95  17989.72  17687.53
10  FL-1004   economy      22360.86  ...     23159.66  21573.99  21391.05
11  FL-1004     first      14294.35  ...     16127.66  11416.36  10909.64
12  FL-1005  business      19629.70  ...     20726.16  18038.57  17771.17
13  FL-1005   economy      22357.04  ...     23186.08  21599.44  21418.45
14  FL-1005     first      14345.20  ...     16137.88  11434.52  10990.95
15  FL-1006  business      19593.08  ...     20811.84  17956.51  17726.88
16  FL-1006   economy      22348.55  ...     23112.49  21598.07  21418.47
17  FL-1006     first      14286.19  ...     16157.92  11406.70  10860.82
18  FL-1007  business      19591.42  ...     20716.90  18038.09  17771.50
19  FL-1007   economy      22346.72  ...     23121.19  21570.99  21395.12

[20 rows x 8 columns]

âœ… Risk report saved to logs_monte_carlo_dashboard/airline_risk_report.csv


==========================================================================================
TIME: 2026-01-20 20:49:28Z
CMD : /usr/local/bin/python simulations/probability_of_loss_engine.py
CWD : /app
RC  : 0
--- STDOUT ---

ðŸ“Š PROBABILITY OF LOSS REPORT

     flight     class  ...  probability_of_loss  risk_level
0   FL-1001  business  ...               0.0001        SAFE
1   FL-1001   economy  ...               0.0000        SAFE
2   FL-1001     first  ...               0.0652     WARNING
3   FL-1002  business  ...               0.0000        SAFE
4   FL-1002   economy  ...               0.0000        SAFE
5   FL-1002     first  ...               0.0548     WARNING
6   FL-1003  business  ...               0.0001        SAFE
7   FL-1003   economy  ...               0.0000        SAFE
8   FL-1003     first  ...               0.0583     WARNING
9   FL-1004  business  ...               0.0001        SAFE
10  FL-1004   economy  ...               0.0000        SAFE
11  FL-1004     first  ...               0.0550     WARNING
12  FL-1005  business  ...               0.0001        SAFE
13  FL-1005   economy  ...               0.0000        SAFE
14  FL-1005     first  ...               0.0584     WARNING
15  FL-1006  business  ...               0.0001        SAFE
16  FL-1006   economy  ...               0.0000        SAFE
17  FL-1006     first  ...               0.0564     WARNING
18  FL-1007  business  ...               0.0001        SAFE
19  FL-1007   economy  ...               0.0000        SAFE
20  FL-1007     first  ...               0.0562     WARNING
21  FL-1008  business  ...               0.0001        SAFE
22  FL-1008   economy  ...               0.0000        SAFE
23  FL-1008     first  ...               0.0608     WARNING
24  FL-1009  business  ...               0.0001        SAFE
25  FL-1009   economy  ...               0.0000        SAFE
26  FL-1009     first  ...               0.0725     WARNING
27  FL-1010  business  ...               0.0001        SAFE
28  FL-1010   economy  ...               0.0000        SAFE
29  FL-1010     first  ...               0.0654     WARNING

[30 rows x 6 columns]

âœ… Report saved to logs_monte_carlo_dashboard/probability_of_loss_report.csv


==========================================================================================
TIME: 2026-01-20 20:49:30Z
CMD : /usr/local/bin/python simulations/airline_raroc_engine.py
CWD : /app
RC  : 0
--- STDOUT ---

ðŸ¦ AIRLINE RAROC ENGINE

     flight     class     RAROC  decision
28  FL-1010   economy  1.332564  MAINTAIN
22  FL-1008   economy  1.320295  MAINTAIN
7   FL-1003   economy  1.295690  MAINTAIN
4   FL-1002   economy  1.283962  MAINTAIN
25  FL-1009   economy  1.273643  MAINTAIN
21  FL-1008  business  1.247801  MAINTAIN
16  FL-1006   economy  1.239315  MAINTAIN
13  FL-1005   economy  1.238895  MAINTAIN
3   FL-1002  business  1.235159  MAINTAIN
10  FL-1004   economy  1.232483  MAINTAIN
5   FL-1002     first  1.231926  MAINTAIN
19  FL-1007   economy  1.226730  MAINTAIN
27  FL-1010  business  1.224798  MAINTAIN
0   FL-1001  business  1.218551  MAINTAIN
24  FL-1009  business  1.202832  MAINTAIN
1   FL-1001   economy  1.199994      EXIT
17  FL-1006     first  1.189575      EXIT
9   FL-1004  business  1.184928      EXIT
8   FL-1003     first  1.180607      EXIT
6   FL-1003  business  1.176360      EXIT
11  FL-1004     first  1.176067      EXIT
20  FL-1007     first  1.174460      EXIT
18  FL-1007  business  1.171624      EXIT
12  FL-1005  business  1.168059      EXIT
29  FL-1010     first  1.155782      EXIT
23  FL-1008     first  1.154021      EXIT
14  FL-1005     first  1.152395      EXIT
26  FL-1009     first  1.141820      EXIT
15  FL-1006  business  1.140313      EXIT
2   FL-1001     first  1.116854      EXIT

âœ… RAROC report saved to logs_monte_carlo_dashboard/airline_raroc_report.csv


==========================================================================================
TIME: 2026-01-20 20:49:31Z
CMD : /usr/local/bin/python simulations/airline_stress_test_engine.py
CWD : /app
RC  : 0
--- STDOUT ---
âœ… Stress report saved to logs_monte_carlo_dashboard/airline_stress_test_report.csv


==========================================================================================
TIME: 2026-01-20 20:49:34Z
CMD : /usr/local/bin/python simulations/airline_board_decision_engine.py
CWD : /app
RC  : 0
--- STDOUT ---

ðŸ›ï¸ AIRLINE BOARD DECISION ENGINE

     flight     class     RAROC  ... stressed_raroc  survival      board_decision
11  FL-1004     first  1.176067  ...       0.999657     FAILS  GROUND IMMEDIATELY
20  FL-1007     first  1.174460  ...       0.998291     FAILS  GROUND IMMEDIATELY
29  FL-1010     first  1.155782  ...       0.982414     FAILS  GROUND IMMEDIATELY
23  FL-1008     first  1.154021  ...       0.980918     FAILS  GROUND IMMEDIATELY
14  FL-1005     first  1.152395  ...       0.979536     FAILS  GROUND IMMEDIATELY
26  FL-1009     first  1.141820  ...       0.970547     FAILS  GROUND IMMEDIATELY
2   FL-1001     first  1.116854  ...       0.949326     FAILS  GROUND IMMEDIATELY
28  FL-1010   economy  1.332564  ...       1.132680  SURVIVES              EXPAND
22  FL-1008   economy  1.320295  ...       1.122251  SURVIVES              EXPAND
7   FL-1003   economy  1.295690  ...       1.101336  SURVIVES            MAINTAIN
4   FL-1002   economy  1.283962  ...       1.091368  SURVIVES            MAINTAIN
25  FL-1009   economy  1.273643  ...       1.082597  SURVIVES            MAINTAIN
21  FL-1008  business  1.247801  ...       1.060630  SURVIVES            MAINTAIN
16  FL-1006   economy  1.239315  ...       1.053418  SURVIVES            MAINTAIN
13  FL-1005   economy  1.238895  ...       1.053061  SURVIVES            MAINTAIN
3   FL-1002  business  1.235159  ...       1.049885  SURVIVES            MAINTAIN
10  FL-1004   economy  1.232483  ...       1.047611  SURVIVES            MAINTAIN
5   FL-1002     first  1.231926  ...       1.047137  SURVIVES            MAINTAIN
19  FL-1007   economy  1.226730  ...       1.042720  SURVIVES            MAINTAIN
27  FL-1010  business  1.224798  ...       1.041079  SURVIVES            MAINTAIN
0   FL-1001  business  1.218551  ...       1.035768  SURVIVES            MAINTAIN
24  FL-1009  business  1.202832  ...       1.022407  SURVIVES            MAINTAIN
1   FL-1001   economy  1.199994  ...       1.019995  SURVIVES         RESTRUCTURE
17  FL-1006     first  1.189575  ...       1.011139  SURVIVES         RESTRUCTURE
9   FL-1004  business  1.184928  ...       1.007188  SURVIVES         RESTRUCTURE
8   FL-1003     first  1.180607  ...       1.003516  SURVIVES         RESTRUCTURE
6   FL-1003  business  1.176360  ...       0.999906     FAILS         RESTRUCTURE
18  FL-1007  business  1.171624  ...       0.995881     FAILS         RESTRUCTURE
12  FL-1005  business  1.168059  ...       0.992850     FAILS         RESTRUCTURE
15  FL-1006  business  1.140313  ...       0.969266     FAILS         RESTRUCTURE

[30 rows x 16 columns]

âœ… BOARD DECISIONS SAVED: logs_monte_carlo_dashboard/airline_board_decisions.csv  (rows=30)


==========================================================================================
TIME: 2026-01-20 20:49:35Z
CMD : /usr/local/bin/python simulations/airline_execution_engine.py
CWD : /app
RC  : 0
--- STDOUT ---

ðŸ›« AIRLINE EXECUTION ENGINE

     flight     class  ...     fleet_action  status
0   FL-1004     first  ...  GROUND AIRCRAFT  GROUND
1   FL-1007     first  ...  GROUND AIRCRAFT  GROUND
2   FL-1010     first  ...  GROUND AIRCRAFT  GROUND
3   FL-1008     first  ...  GROUND AIRCRAFT  GROUND
4   FL-1005     first  ...  GROUND AIRCRAFT  GROUND
5   FL-1009     first  ...  GROUND AIRCRAFT  GROUND
6   FL-1001     first  ...  GROUND AIRCRAFT  GROUND
7   FL-1010   economy  ...          UPGAUGE  ACTIVE
8   FL-1008   economy  ...          UPGAUGE  ACTIVE
9   FL-1003   economy  ...        NO CHANGE  ACTIVE
10  FL-1002   economy  ...        NO CHANGE  ACTIVE
11  FL-1009   economy  ...        NO CHANGE  ACTIVE
12  FL-1008  business  ...        NO CHANGE  ACTIVE
13  FL-1006   economy  ...        NO CHANGE  ACTIVE
14  FL-1005   economy  ...        NO CHANGE  ACTIVE
15  FL-1002  business  ...        NO CHANGE  ACTIVE
16  FL-1004   economy  ...        NO CHANGE  ACTIVE
17  FL-1002     first  ...        NO CHANGE  ACTIVE
18  FL-1007   economy  ...        NO CHANGE  ACTIVE
19  FL-1010  business  ...        NO CHANGE  ACTIVE
20  FL-1001  business  ...        NO CHANGE  ACTIVE
21  FL-1009  business  ...        NO CHANGE  ACTIVE
22  FL-1001   economy  ...        DOWNGAUGE  ACTIVE
23  FL-1006     first  ...        DOWNGAUGE  ACTIVE
24  FL-1004  business  ...        DOWNGAUGE  ACTIVE
25  FL-1003     first  ...        DOWNGAUGE  ACTIVE
26  FL-1003  business  ...        DOWNGAUGE  ACTIVE
27  FL-1007  business  ...        DOWNGAUGE  ACTIVE
28  FL-1005  business  ...        DOWNGAUGE  ACTIVE
29  FL-1006  business  ...        DOWNGAUGE  ACTIVE

[30 rows x 7 columns]

âœ… EXECUTION PLAN SAVED: logs_monte_carlo_dashboard/airline_execution_plan.csv


==========================================================================================
TIME: 2026-01-20 20:49:35Z
CMD : /usr/local/bin/python simulations/airline_decision_explainability_engine.py
CWD : /app
RC  : 0
--- STDOUT ---

ðŸ§¾ AIRLINE DECISION EXPLAINABILITY ENGINE

âœ… EXPLAINABILITY REPORT CREATED: logs_monte_carlo_dashboard/airline_decision_explainability_report.csv
ðŸ“Œ Schema-adaptive, audit-safe, regulator-ready



ðŸ–¼ï¸ saved: /out/demo_001/dashboard/images/01_mean_revenue_by_flight_class.png

ðŸ–¼ï¸ saved: /out/demo_001/dashboard/images/02_probability_of_loss_by_flight_class.png

ðŸ–¼ï¸ saved: /out/demo_001/dashboard/images/03_raroc_by_flight_class.png

ðŸ–¼ï¸ saved: /out/demo_001/dashboard/images/04_board_decision_distribution.png

ðŸ–¼ï¸ saved: /out/demo_001/dashboard/images/05_fleet_action_distribution.png

ðŸ–¼ï¸ charts_created=5 (dashboard/images)

==========================================================================================
TIME: 2026-01-20 20:49:40Z
CMD : /usr/local/bin/python simulations/airline_ceo_pdf_report.py --dashboard /out/demo_001/dashboard --out /out/demo_001/reports
CWD : /app
RC  : 0
--- STDOUT ---
âœ… CEO report generated: /out/demo_001/reports/EXECUTIVE_REPORT.pdf (bytes=310094)


==========================================================================================
TIME: 2026-01-26 15:30:27Z
SYMLINK: /app/logs_monte_carlo_dashboard -> /out/demo_001/logs_monte_carlo_dashboard

==========================================================================================
TIME: 2026-01-26 15:30:28Z
CMD : /usr/local/bin/python simulations/ticket_lifecycle_simulator.py
CWD : /app
RC  : 0
--- STDOUT ---
âœ… Ticket lifecycle simulation completed.


==========================================================================================
TIME: 2026-01-26 15:32:17Z
SYMLINK: /app/logs_monte_carlo_dashboard -> /out/demo_001/logs_monte_carlo_dashboard

==========================================================================================
TIME: 2026-01-26 15:32:18Z
CMD : /usr/local/bin/python simulations/ticket_lifecycle_simulator.py
CWD : /app
RC  : 0
--- STDOUT ---
âœ… Ticket lifecycle simulation completed.


==========================================================================================
TIME: 2026-01-26 15:32:50Z
CMD : /usr/local/bin/python simulations/monte_carlo_kpi_dashboard.py
CWD : /app
RC  : 0
--- STDOUT ---

========== AIRLINE MONTE CARLO KPI DASHBOARD ==========

 flight    class  mean_revenue  revenue_std  mean_load  load_std  avg_denied
FL-1001  economy  22354.973124   447.053426  99.417333  1.001918       3.504
FL-1001 business  19651.118783   735.324973  98.228000  3.138106       3.722
FL-1001    first  14320.701452  1350.497070  95.460000  7.931849       3.328
FL-1002  economy  22334.564065   431.299491  99.377333  1.087907       3.248
FL-1002 business  19638.033436   767.011686  98.124000  3.174394       3.308
FL-1002    first  14296.397633  1389.335845  94.970000  8.335951       3.330
FL-1003  economy  22355.979508   441.545152  99.366667  1.060096       3.344
FL-1003 business  19639.040004   759.601454  98.236000  3.173081       3.394
FL-1003    first  14318.104286  1335.138651  95.490000  7.624051       3.396
FL-1004  economy  22369.938850   457.935603  99.382667  1.086859       3.544
FL-1004 business  19638.393679   746.345349  98.136000  3.235187       3.534
FL-1004    first  14164.450620  1399.639623  94.690000  8.312165       3.218
FL-1005  economy  22386.635740   452.422248  99.357333  1.064959       3.506
FL-1005 business  19608.746801   758.573094  98.048000  3.318391       3.422
FL-1005    first  14308.813368  1340.357785  95.530000  7.660710       3.506
FL-1006  economy  22339.446460   442.285554  99.321333  1.080520       3.372
FL-1006 business  19608.757579   746.698031  98.080000  3.184632       3.186
FL-1006    first  14310.758179  1353.977760  95.350000  7.781298       3.702
FL-1007  economy  22331.130454   426.969579  99.309333  1.137742       3.282
FL-1007 business  19624.343966   761.126609  98.112000  3.233631       3.282
FL-1007    first  14268.720479  1381.339200  95.240000  8.041874       3.340
FL-1008  economy  22353.057138   406.822690  99.296000  1.118430       3.234
FL-1008 business  19631.049093   762.254916  98.096000  3.319763       3.384
FL-1008    first  14216.290256  1408.984654  94.660000  8.504649       3.546
FL-1009  economy  22345.184246   426.706892  99.328000  1.113456       3.358
FL-1009 business  19657.681977   783.290963  98.268000  3.111839       3.250
FL-1009    first  14211.719145  1357.024603  95.120000  8.069438       3.348
FL-1010  economy  22325.410270   433.832578  99.208000  1.164428       3.088
FL-1010 business  19591.165431   781.795010  97.980000  3.331937       3.314
FL-1010    first  14227.488419  1427.098979  94.990000  8.263563       3.504

âœ… Dashboard generated! Check PNG files and CSV logs in 'logs_monte_carlo_dashboard/'


==========================================================================================
TIME: 2026-01-26 15:32:54Z
CMD : /usr/local/bin/python simulations/airline_risk_engine.py
CWD : /app
RC  : 0
--- STDOUT ---

ðŸ“‰ AIRLINE RISK & CONFIDENCE ENGINE

     flight     class  mean_revenue  ...  ci_upper_95    VaR_95   CVaR_95
0   FL-1001  business      19651.12  ...     20778.79  18194.33  17819.24
1   FL-1001   economy      22354.97  ...     23215.79  21611.72  21422.12
2   FL-1001     first      14320.70  ...     16225.68  11531.36  11085.36
3   FL-1002  business      19638.03  ...     20762.45  18113.10  17658.58
4   FL-1002   economy      22334.56  ...     23121.50  21583.79  21419.90
5   FL-1002     first      14296.40  ...     16282.88  11490.85  11051.24
6   FL-1003  business      19639.04  ...     20772.19  18061.86  17843.63
7   FL-1003   economy      22355.98  ...     23150.40  21538.72  21371.20
8   FL-1003     first      14318.10  ...     16154.13  11504.29  11012.37
9   FL-1004  business      19638.39  ...     20698.57  18088.54  17811.12
10  FL-1004   economy      22369.94  ...     23243.65  21611.31  21382.26
11  FL-1004     first      14164.45  ...     16182.65  11313.93  10843.49
12  FL-1005  business      19608.75  ...     20602.09  17995.02  17690.48
13  FL-1005   economy      22386.64  ...     23135.59  21540.58  21330.81
14  FL-1005     first      14308.81  ...     16172.03  11539.59  11015.19
15  FL-1006  business      19608.76  ...     20712.08  18140.92  17767.08
16  FL-1006   economy      22339.45  ...     23139.37  21609.69  21364.96
17  FL-1006     first      14310.76  ...     16145.19  11564.81  10915.82
18  FL-1007  business      19624.34  ...     20671.42  18023.16  17703.17
19  FL-1007   economy      22331.13  ...     23122.79  21580.20  21438.29

[20 rows x 8 columns]

âœ… Risk report saved to logs_monte_carlo_dashboard/airline_risk_report.csv


==========================================================================================
TIME: 2026-01-26 15:32:55Z
CMD : /usr/local/bin/python simulations/probability_of_loss_engine.py
CWD : /app
RC  : 0
--- STDOUT ---

ðŸ“Š PROBABILITY OF LOSS REPORT

     flight     class  ...  probability_of_loss  risk_level
0   FL-1001  business  ...               0.0000        SAFE
1   FL-1001   economy  ...               0.0000        SAFE
2   FL-1001     first  ...               0.0557     WARNING
3   FL-1002  business  ...               0.0001        SAFE
4   FL-1002   economy  ...               0.0000        SAFE
5   FL-1002     first  ...               0.0612     WARNING
6   FL-1003  business  ...               0.0001        SAFE
7   FL-1003   economy  ...               0.0000        SAFE
8   FL-1003     first  ...               0.0537     WARNING
9   FL-1004  business  ...               0.0000        SAFE
10  FL-1004   economy  ...               0.0000        SAFE
11  FL-1004     first  ...               0.0643     WARNING
12  FL-1005  business  ...               0.0001        SAFE
13  FL-1005   economy  ...               0.0000        SAFE
14  FL-1005     first  ...               0.0545     WARNING
15  FL-1006  business  ...               0.0000        SAFE
16  FL-1006   economy  ...               0.0000        SAFE
17  FL-1006     first  ...               0.0563     WARNING
18  FL-1007  business  ...               0.0001        SAFE
19  FL-1007   economy  ...               0.0000        SAFE
20  FL-1007     first  ...               0.0605     WARNING
21  FL-1008  business  ...               0.0001        SAFE
22  FL-1008   economy  ...               0.0000        SAFE
23  FL-1008     first  ...               0.0649     WARNING
24  FL-1009  business  ...               0.0001        SAFE
25  FL-1009   economy  ...               0.0000        SAFE
26  FL-1009     first  ...               0.0579     WARNING
27  FL-1010  business  ...               0.0001        SAFE
28  FL-1010   economy  ...               0.0000        SAFE
29  FL-1010     first  ...               0.0672     WARNING

[30 rows x 6 columns]

âœ… Report saved to logs_monte_carlo_dashboard/probability_of_loss_report.csv


==========================================================================================
TIME: 2026-01-26 15:32:57Z
CMD : /usr/local/bin/python simulations/airline_raroc_engine.py
CWD : /app
RC  : 0
--- STDOUT ---

ðŸ¦ AIRLINE RAROC ENGINE

     flight     class     RAROC  decision
16  FL-1006   economy  1.335355  MAINTAIN
22  FL-1008   economy  1.317367  MAINTAIN
25  FL-1009   economy  1.305452  MAINTAIN
10  FL-1004   economy  1.301925  MAINTAIN
28  FL-1010   economy  1.299905  MAINTAIN
3   FL-1002  business  1.298054  MAINTAIN
0   FL-1001  business  1.257473  MAINTAIN
1   FL-1001   economy  1.255105  MAINTAIN
15  FL-1006  business  1.254684  MAINTAIN
13  FL-1005   economy  1.247928  MAINTAIN
17  FL-1006     first  1.236345  MAINTAIN
4   FL-1002   economy  1.218290  MAINTAIN
7   FL-1003   economy  1.204982  MAINTAIN
23  FL-1008     first  1.204440  MAINTAIN
29  FL-1010     first  1.203586  MAINTAIN
18  FL-1007  business  1.199847      EXIT
21  FL-1008  business  1.193349      EXIT
14  FL-1005     first  1.189370      EXIT
19  FL-1007   economy  1.188983      EXIT
12  FL-1005  business  1.188722      EXIT
9   FL-1004  business  1.178997      EXIT
8   FL-1003     first  1.174822      EXIT
11  FL-1004     first  1.165036      EXIT
2   FL-1001     first  1.159896      EXIT
24  FL-1009  business  1.159699      EXIT
20  FL-1007     first  1.159267      EXIT
27  FL-1010  business  1.157801      EXIT
5   FL-1002     first  1.156693      EXIT
26  FL-1009     first  1.142937      EXIT
6   FL-1003  business  1.138372      EXIT

âœ… RAROC report saved to logs_monte_carlo_dashboard/airline_raroc_report.csv


==========================================================================================
TIME: 2026-01-26 15:32:59Z
CMD : /usr/local/bin/python simulations/airline_stress_test_engine.py
CWD : /app
RC  : 0
--- STDOUT ---
âœ… Stress report saved to logs_monte_carlo_dashboard/airline_stress_test_report.csv


==========================================================================================
TIME: 2026-01-26 15:33:01Z
CMD : /usr/local/bin/python simulations/airline_board_decision_engine.py
CWD : /app
RC  : 0
--- STDOUT ---

ðŸ›ï¸ AIRLINE BOARD DECISION ENGINE

     flight     class     RAROC  ... stressed_raroc  survival      board_decision
8   FL-1003     first  1.174822  ...       0.998599     FAILS  GROUND IMMEDIATELY
11  FL-1004     first  1.165036  ...       0.990280     FAILS  GROUND IMMEDIATELY
2   FL-1001     first  1.159896  ...       0.985912     FAILS  GROUND IMMEDIATELY
20  FL-1007     first  1.159267  ...       0.985377     FAILS  GROUND IMMEDIATELY
5   FL-1002     first  1.156693  ...       0.983189     FAILS  GROUND IMMEDIATELY
26  FL-1009     first  1.142937  ...       0.971497     FAILS  GROUND IMMEDIATELY
16  FL-1006   economy  1.335355  ...       1.135052  SURVIVES              EXPAND
22  FL-1008   economy  1.317367  ...       1.119762  SURVIVES              EXPAND
25  FL-1009   economy  1.305452  ...       1.109634  SURVIVES              EXPAND
10  FL-1004   economy  1.301925  ...       1.106636  SURVIVES              EXPAND
28  FL-1010   economy  1.299905  ...       1.104919  SURVIVES            MAINTAIN
3   FL-1002  business  1.298054  ...       1.103346  SURVIVES            MAINTAIN
0   FL-1001  business  1.257473  ...       1.068852  SURVIVES            MAINTAIN
1   FL-1001   economy  1.255105  ...       1.066840  SURVIVES            MAINTAIN
15  FL-1006  business  1.254684  ...       1.066481  SURVIVES            MAINTAIN
13  FL-1005   economy  1.247928  ...       1.060739  SURVIVES            MAINTAIN
17  FL-1006     first  1.236345  ...       1.050893  SURVIVES            MAINTAIN
4   FL-1002   economy  1.218290  ...       1.035547  SURVIVES            MAINTAIN
7   FL-1003   economy  1.204982  ...       1.024235  SURVIVES            MAINTAIN
23  FL-1008     first  1.204440  ...       1.023774  SURVIVES            MAINTAIN
29  FL-1010     first  1.203586  ...       1.023048  SURVIVES            MAINTAIN
18  FL-1007  business  1.199847  ...       1.019870  SURVIVES         RESTRUCTURE
21  FL-1008  business  1.193349  ...       1.014346  SURVIVES         RESTRUCTURE
14  FL-1005     first  1.189370  ...       1.010965  SURVIVES         RESTRUCTURE
19  FL-1007   economy  1.188983  ...       1.010636  SURVIVES         RESTRUCTURE
12  FL-1005  business  1.188722  ...       1.010413  SURVIVES         RESTRUCTURE
9   FL-1004  business  1.178997  ...       1.002147  SURVIVES         RESTRUCTURE
24  FL-1009  business  1.159699  ...       0.985744     FAILS         RESTRUCTURE
27  FL-1010  business  1.157801  ...       0.984131     FAILS         RESTRUCTURE
6   FL-1003  business  1.138372  ...       0.967616     FAILS         RESTRUCTURE

[30 rows x 16 columns]

âœ… BOARD DECISIONS SAVED: logs_monte_carlo_dashboard/airline_board_decisions.csv  (rows=30)


==========================================================================================
TIME: 2026-01-26 15:33:03Z
CMD : /usr/local/bin/python simulations/airline_execution_engine.py
CWD : /app
RC  : 0
--- STDOUT ---

ðŸ›« AIRLINE EXECUTION ENGINE

     flight     class  ...     fleet_action  status
0   FL-1003     first  ...  GROUND AIRCRAFT  GROUND
1   FL-1004     first  ...  GROUND AIRCRAFT  GROUND
2   FL-1001     first  ...  GROUND AIRCRAFT  GROUND
3   FL-1007     first  ...  GROUND AIRCRAFT  GROUND
4   FL-1002     first  ...  GROUND AIRCRAFT  GROUND
5   FL-1009     first  ...  GROUND AIRCRAFT  GROUND
6   FL-1006   economy  ...          UPGAUGE  ACTIVE
7   FL-1008   economy  ...          UPGAUGE  ACTIVE
8   FL-1009   economy  ...          UPGAUGE  ACTIVE
9   FL-1004   economy  ...          UPGAUGE  ACTIVE
10  FL-1010   economy  ...        NO CHANGE  ACTIVE
11  FL-1002  business  ...        NO CHANGE  ACTIVE
12  FL-1001  business  ...        NO CHANGE  ACTIVE
13  FL-1001   economy  ...        NO CHANGE  ACTIVE
14  FL-1006  business  ...        NO CHANGE  ACTIVE
15  FL-1005   economy  ...        NO CHANGE  ACTIVE
16  FL-1006     first  ...        NO CHANGE  ACTIVE
17  FL-1002   economy  ...        NO CHANGE  ACTIVE
18  FL-1003   economy  ...        NO CHANGE  ACTIVE
19  FL-1008     first  ...        NO CHANGE  ACTIVE
20  FL-1010     first  ...        NO CHANGE  ACTIVE
21  FL-1007  business  ...        DOWNGAUGE  ACTIVE
22  FL-1008  business  ...        DOWNGAUGE  ACTIVE
23  FL-1005     first  ...        DOWNGAUGE  ACTIVE
24  FL-1007   economy  ...        DOWNGAUGE  ACTIVE
25  FL-1005  business  ...        DOWNGAUGE  ACTIVE
26  FL-1004  business  ...        DOWNGAUGE  ACTIVE
27  FL-1009  business  ...        DOWNGAUGE  ACTIVE
28  FL-1010  business  ...        DOWNGAUGE  ACTIVE
29  FL-1003  business  ...        DOWNGAUGE  ACTIVE

[30 rows x 7 columns]

âœ… EXECUTION PLAN SAVED: logs_monte_carlo_dashboard/airline_execution_plan.csv


==========================================================================================
TIME: 2026-01-26 15:33:05Z
CMD : /usr/local/bin/python simulations/airline_decision_explainability_engine.py
CWD : /app
RC  : 0
--- STDOUT ---

ðŸ§¾ AIRLINE DECISION EXPLAINABILITY ENGINE

âœ… EXPLAINABILITY REPORT CREATED: logs_monte_carlo_dashboard/airline_decision_explainability_report.csv
ðŸ“Œ Schema-adaptive, audit-safe, regulator-ready



ðŸ–¼ï¸ saved: /out/demo_001/dashboard/images/01_mean_revenue_by_flight_class.png

ðŸ–¼ï¸ saved: /out/demo_001/dashboard/images/02_probability_of_loss_by_flight_class.png

ðŸ–¼ï¸ saved: /out/demo_001/dashboard/images/03_raroc_by_flight_class.png

ðŸ–¼ï¸ saved: /out/demo_001/dashboard/images/04_board_decision_distribution.png

ðŸ–¼ï¸ saved: /out/demo_001/dashboard/images/05_fleet_action_distribution.png

ðŸ–¼ï¸ charts_created=5 (dashboard/images)

==========================================================================================
TIME: 2026-01-26 15:33:16Z
CMD : /usr/local/bin/python simulations/airline_ceo_pdf_report.py --dashboard /out/demo_001/dashboard --out /out/demo_001/reports
CWD : /app
RC  : 0
--- STDOUT ---
âœ… CEO report generated: /out/demo_001/reports/EXECUTIVE_REPORT.pdf (bytes=313236)


==========================================================================================
TIME: 2026-01-26 20:02:13Z
SYMLINK: /app/logs_monte_carlo_dashboard -> /out/demo_001/logs_monte_carlo_dashboard

==========================================================================================
TIME: 2026-01-26 20:02:13Z
CMD : /usr/local/bin/python simulations/ticket_lifecycle_simulator.py
CWD : /app
RC  : 0
--- STDOUT ---
âœ… Ticket lifecycle simulation completed.


==========================================================================================
TIME: 2026-01-26 20:02:24Z
CMD : /usr/local/bin/python simulations/monte_carlo_kpi_dashboard.py
CWD : /app
RC  : 0
--- STDOUT ---

========== AIRLINE MONTE CARLO KPI DASHBOARD ==========

 flight    class  mean_revenue  revenue_std  mean_load  load_std  avg_denied
FL-1001  economy  22383.183911   403.802748  99.434667  0.996296       3.566
FL-1001 business  19570.959184   797.800173  97.872000  3.330736       3.216
FL-1001    first  14263.911616  1458.910707  94.890000  8.448708       3.368
FL-1002  economy  22371.233005   452.225913  99.286667  1.123245       3.362
FL-1002 business  19604.888624   777.927246  98.028000  3.300455       3.364
FL-1002    first  14337.306103  1359.250948  95.420000  8.145938       3.614
FL-1003  economy  22375.277041   419.743725  99.386667  1.055486       3.528
FL-1003 business  19579.565096   778.347524  97.876000  3.332091       3.104
FL-1003    first  14241.071919  1406.687264  94.770000  8.487708       3.200
FL-1004  economy  22365.224717   441.804989  99.286667  1.130359       3.118
FL-1004 business  19609.376424   805.033954  98.100000  3.323265       3.580
FL-1004    first  14301.572223  1352.464905  95.320000  8.094977       3.428
FL-1005  economy  22340.648875   429.790420  99.356000  1.093460       3.486
FL-1005 business  19696.263083   727.486206  98.480000  2.957549       3.500
FL-1005    first  14267.938304  1346.580153  95.110000  8.072685       3.362
FL-1006  economy  22360.857543   429.130914  99.410667  1.052305       3.442
FL-1006 business  19628.396535   771.192248  98.024000  3.245380       3.382
FL-1006    first  14374.943944  1346.296765  95.640000  7.817456       3.680
FL-1007  economy  22373.776972   442.137713  99.353333  1.085337       3.512
FL-1007 business  19617.750827   718.486583  98.096000  3.094825       3.440
FL-1007    first  14333.767754  1341.084036  95.350000  8.103013       3.610
FL-1008  economy  22357.005789   427.961475  99.368000  1.096805       3.438
FL-1008 business  19671.255286   700.907636  98.344000  3.029855       3.530
FL-1008    first  14367.863284  1337.006167  95.920000  7.554319       3.608
FL-1009  economy  22358.005032   439.688245  99.368000  1.087017       3.380
FL-1009 business  19522.412464   803.944299  97.860000  3.409935       3.284
FL-1009    first  14303.730451  1344.950168  95.290000  7.854252       3.624
FL-1010  economy  22354.222736   419.225118  99.357333  1.074119       3.412
FL-1010 business  19607.057761   722.592985  98.052000  3.135755       3.220
FL-1010    first  14306.715018  1382.684706  95.240000  8.171655       3.562

âœ… Dashboard generated! Check PNG files and CSV logs in 'logs_monte_carlo_dashboard/'


==========================================================================================
TIME: 2026-01-26 20:02:25Z
CMD : /usr/local/bin/python simulations/airline_risk_engine.py
CWD : /app
RC  : 0
--- STDOUT ---

ðŸ“‰ AIRLINE RISK & CONFIDENCE ENGINE

     flight     class  mean_revenue  ...  ci_upper_95    VaR_95   CVaR_95
0   FL-1001  business      19570.96  ...     20694.29  18044.59  17705.34
1   FL-1001   economy      22383.18  ...     23230.59  21707.24  21517.88
2   FL-1001     first      14263.91  ...     16263.75  11229.19  10765.84
3   FL-1002  business      19604.89  ...     20709.26  18041.97  17757.40
4   FL-1002   economy      22371.23  ...     23146.04  21542.18  21372.93
5   FL-1002     first      14337.31  ...     16230.91  11608.01  11000.45
6   FL-1003  business      19579.57  ...     20632.39  18018.80  17725.54
7   FL-1003   economy      22375.28  ...     23155.41  21654.17  21440.63
8   FL-1003     first      14241.07  ...     16142.60  11375.20  10886.97
9   FL-1004  business      19609.38  ...     20756.04  17869.37  17610.27
10  FL-1004   economy      22365.22  ...     23205.54  21593.94  21401.36
11  FL-1004     first      14301.57  ...     16124.57  11392.32  10952.55
12  FL-1005  business      19696.26  ...     20775.78  18212.52  17826.38
13  FL-1005   economy      22340.65  ...     23137.11  21596.59  21422.24
14  FL-1005     first      14267.94  ...     16251.00  11401.38  11044.29
15  FL-1006  business      19628.40  ...     20769.70  18048.06  17746.66
16  FL-1006   economy      22360.86  ...     23173.48  21626.12  21446.43
17  FL-1006     first      14374.94  ...     16104.64  11499.91  10844.18
18  FL-1007  business      19617.75  ...     20714.88  18236.12  17888.99
19  FL-1007   economy      22373.78  ...     23204.63  21610.55  21403.36

[20 rows x 8 columns]

âœ… Risk report saved to logs_monte_carlo_dashboard/airline_risk_report.csv


==========================================================================================
TIME: 2026-01-26 20:02:26Z
CMD : /usr/local/bin/python simulations/probability_of_loss_engine.py
CWD : /app
RC  : 0
--- STDOUT ---

ðŸ“Š PROBABILITY OF LOSS REPORT

     flight     class  ...  probability_of_loss  risk_level
0   FL-1001  business  ...               0.0001        SAFE
1   FL-1001   economy  ...               0.0000        SAFE
2   FL-1001     first  ...               0.0710     WARNING
3   FL-1002  business  ...               0.0001        SAFE
4   FL-1002   economy  ...               0.0000        SAFE
5   FL-1002     first  ...               0.0566     WARNING
6   FL-1003  business  ...               0.0001        SAFE
7   FL-1003   economy  ...               0.0000        SAFE
8   FL-1003     first  ...               0.0642     WARNING
9   FL-1004  business  ...               0.0001        SAFE
10  FL-1004   economy  ...               0.0000        SAFE
11  FL-1004     first  ...               0.0562     WARNING
12  FL-1005  business  ...               0.0000        SAFE
13  FL-1005   economy  ...               0.0000        SAFE
14  FL-1005     first  ...               0.0558     WARNING
15  FL-1006  business  ...               0.0001        SAFE
16  FL-1006   economy  ...               0.0000        SAFE
17  FL-1006     first  ...               0.0544     WARNING
18  FL-1007  business  ...               0.0000        SAFE
19  FL-1007   economy  ...               0.0000        SAFE
20  FL-1007     first  ...               0.0543     WARNING
21  FL-1008  business  ...               0.0000        SAFE
22  FL-1008   economy  ...               0.0000        SAFE
23  FL-1008     first  ...               0.0533     WARNING
24  FL-1009  business  ...               0.0001        SAFE
25  FL-1009   economy  ...               0.0000        SAFE
26  FL-1009     first  ...               0.0551     WARNING
27  FL-1010  business  ...               0.0000        SAFE
28  FL-1010   economy  ...               0.0000        SAFE
29  FL-1010     first  ...               0.0601     WARNING

[30 rows x 6 columns]

âœ… Report saved to logs_monte_carlo_dashboard/probability_of_loss_report.csv


==========================================================================================
TIME: 2026-01-26 20:02:26Z
CMD : /usr/local/bin/python simulations/airline_raroc_engine.py
CWD : /app
RC  : 0
--- STDOUT ---

ðŸ¦ AIRLINE RAROC ENGINE

     flight     class     RAROC  decision
7   FL-1003   economy  1.296117  MAINTAIN
1   FL-1001   economy  1.280140  MAINTAIN
19  FL-1007   economy  1.271466  MAINTAIN
12  FL-1005  business  1.260247  MAINTAIN
18  FL-1007  business  1.251250  MAINTAIN
10  FL-1004   economy  1.249691  MAINTAIN
16  FL-1006   economy  1.244571  MAINTAIN
28  FL-1010   economy  1.238560  MAINTAIN
13  FL-1005   economy  1.234320  MAINTAIN
17  FL-1006     first  1.228078  MAINTAIN
5   FL-1002     first  1.222609  MAINTAIN
0   FL-1001  business  1.222255  MAINTAIN
29  FL-1010     first  1.216791  MAINTAIN
22  FL-1008   economy  1.208036  MAINTAIN
4   FL-1002   economy  1.204148  MAINTAIN
27  FL-1010  business  1.203060  MAINTAIN
21  FL-1008  business  1.199612      EXIT
15  FL-1006  business  1.190722      EXIT
26  FL-1009     first  1.190299      EXIT
6   FL-1003  business  1.187895      EXIT
25  FL-1009   economy  1.185769      EXIT
3   FL-1002  business  1.182074      EXIT
20  FL-1007     first  1.173076      EXIT
8   FL-1003     first  1.170363      EXIT
2   FL-1001     first  1.152683      EXIT
11  FL-1004     first  1.151163      EXIT
9   FL-1004  business  1.148909      EXIT
23  FL-1008     first  1.136350      EXIT
24  FL-1009  business  1.126951      EXIT
14  FL-1005     first  1.124568      EXIT

âœ… RAROC report saved to logs_monte_carlo_dashboard/airline_raroc_report.csv


==========================================================================================
TIME: 2026-01-26 20:02:27Z
CMD : /usr/local/bin/python simulations/airline_stress_test_engine.py
CWD : /app
RC  : 0
--- STDOUT ---
âœ… Stress report saved to logs_monte_carlo_dashboard/airline_stress_test_report.csv


==========================================================================================
TIME: 2026-01-26 20:02:28Z
CMD : /usr/local/bin/python simulations/airline_board_decision_engine.py
CWD : /app
RC  : 0
--- STDOUT ---

ðŸ›ï¸ AIRLINE BOARD DECISION ENGINE

     flight     class     RAROC  ... stressed_raroc  survival      board_decision
20  FL-1007     first  1.173076  ...       0.997115     FAILS  GROUND IMMEDIATELY
8   FL-1003     first  1.170363  ...       0.994809     FAILS  GROUND IMMEDIATELY
2   FL-1001     first  1.152683  ...       0.979781     FAILS  GROUND IMMEDIATELY
11  FL-1004     first  1.151163  ...       0.978488     FAILS  GROUND IMMEDIATELY
23  FL-1008     first  1.136350  ...       0.965898     FAILS  GROUND IMMEDIATELY
14  FL-1005     first  1.124568  ...       0.955883     FAILS  GROUND IMMEDIATELY
7   FL-1003   economy  1.296117  ...       1.101700  SURVIVES            MAINTAIN
1   FL-1001   economy  1.280140  ...       1.088119  SURVIVES            MAINTAIN
19  FL-1007   economy  1.271466  ...       1.080746  SURVIVES            MAINTAIN
12  FL-1005  business  1.260247  ...       1.071210  SURVIVES            MAINTAIN
18  FL-1007  business  1.251250  ...       1.063562  SURVIVES            MAINTAIN
10  FL-1004   economy  1.249691  ...       1.062238  SURVIVES            MAINTAIN
16  FL-1006   economy  1.244571  ...       1.057885  SURVIVES            MAINTAIN
28  FL-1010   economy  1.238560  ...       1.052776  SURVIVES            MAINTAIN
13  FL-1005   economy  1.234320  ...       1.049172  SURVIVES            MAINTAIN
17  FL-1006     first  1.228078  ...       1.043867  SURVIVES            MAINTAIN
5   FL-1002     first  1.222609  ...       1.039217  SURVIVES            MAINTAIN
0   FL-1001  business  1.222255  ...       1.038917  SURVIVES            MAINTAIN
29  FL-1010     first  1.216791  ...       1.034272  SURVIVES            MAINTAIN
22  FL-1008   economy  1.208036  ...       1.026831  SURVIVES            MAINTAIN
4   FL-1002   economy  1.204148  ...       1.023525  SURVIVES            MAINTAIN
27  FL-1010  business  1.203060  ...       1.022601  SURVIVES            MAINTAIN
21  FL-1008  business  1.199612  ...       1.019670  SURVIVES         RESTRUCTURE
15  FL-1006  business  1.190722  ...       1.012114  SURVIVES         RESTRUCTURE
26  FL-1009     first  1.190299  ...       1.011754  SURVIVES         RESTRUCTURE
6   FL-1003  business  1.187895  ...       1.009711  SURVIVES         RESTRUCTURE
25  FL-1009   economy  1.185769  ...       1.007904  SURVIVES         RESTRUCTURE
3   FL-1002  business  1.182074  ...       1.004763  SURVIVES         RESTRUCTURE
9   FL-1004  business  1.148909  ...       0.976572     FAILS         RESTRUCTURE
24  FL-1009  business  1.126951  ...       0.957908     FAILS         RESTRUCTURE

[30 rows x 16 columns]

âœ… BOARD DECISIONS SAVED: logs_monte_carlo_dashboard/airline_board_decisions.csv  (rows=30)


==========================================================================================
TIME: 2026-01-26 20:02:30Z
CMD : /usr/local/bin/python simulations/airline_execution_engine.py
CWD : /app
RC  : 0
--- STDOUT ---

ðŸ›« AIRLINE EXECUTION ENGINE

     flight     class  ...     fleet_action  status
0   FL-1007     first  ...  GROUND AIRCRAFT  GROUND
1   FL-1003     first  ...  GROUND AIRCRAFT  GROUND
2   FL-1001     first  ...  GROUND AIRCRAFT  GROUND
3   FL-1004     first  ...  GROUND AIRCRAFT  GROUND
4   FL-1008     first  ...  GROUND AIRCRAFT  GROUND
5   FL-1005     first  ...  GROUND AIRCRAFT  GROUND
6   FL-1003   economy  ...        NO CHANGE  ACTIVE
7   FL-1001   economy  ...        NO CHANGE  ACTIVE
8   FL-1007   economy  ...        NO CHANGE  ACTIVE
9   FL-1005  business  ...        NO CHANGE  ACTIVE
10  FL-1007  business  ...        NO CHANGE  ACTIVE
11  FL-1004   economy  ...        NO CHANGE  ACTIVE
12  FL-1006   economy  ...        NO CHANGE  ACTIVE
13  FL-1010   economy  ...        NO CHANGE  ACTIVE
14  FL-1005   economy  ...        NO CHANGE  ACTIVE
15  FL-1006     first  ...        NO CHANGE  ACTIVE
16  FL-1002     first  ...        NO CHANGE  ACTIVE
17  FL-1001  business  ...        NO CHANGE  ACTIVE
18  FL-1010     first  ...        NO CHANGE  ACTIVE
19  FL-1008   economy  ...        NO CHANGE  ACTIVE
20  FL-1002   economy  ...        NO CHANGE  ACTIVE
21  FL-1010  business  ...        NO CHANGE  ACTIVE
22  FL-1008  business  ...        DOWNGAUGE  ACTIVE
23  FL-1006  business  ...        DOWNGAUGE  ACTIVE
24  FL-1009     first  ...        DOWNGAUGE  ACTIVE
25  FL-1003  business  ...        DOWNGAUGE  ACTIVE
26  FL-1009   economy  ...        DOWNGAUGE  ACTIVE
27  FL-1002  business  ...        DOWNGAUGE  ACTIVE
28  FL-1004  business  ...        DOWNGAUGE  ACTIVE
29  FL-1009  business  ...        DOWNGAUGE  ACTIVE

[30 rows x 7 columns]

âœ… EXECUTION PLAN SAVED: logs_monte_carlo_dashboard/airline_execution_plan.csv


==========================================================================================
TIME: 2026-01-26 20:02:31Z
CMD : /usr/local/bin/python simulations/airline_decision_explainability_engine.py
CWD : /app
RC  : 0
--- STDOUT ---

ðŸ§¾ AIRLINE DECISION EXPLAINABILITY ENGINE

âœ… EXPLAINABILITY REPORT CREATED: logs_monte_carlo_dashboard/airline_decision_explainability_report.csv
ðŸ“Œ Schema-adaptive, audit-safe, regulator-ready



ðŸ–¼ï¸ saved: /out/demo_001/dashboard/images/01_mean_revenue_by_flight_class.png

ðŸ–¼ï¸ saved: /out/demo_001/dashboard/images/02_probability_of_loss_by_flight_class.png

ðŸ–¼ï¸ saved: /out/demo_001/dashboard/images/03_raroc_by_flight_class.png

ðŸ–¼ï¸ saved: /out/demo_001/dashboard/images/04_board_decision_distribution.png

ðŸ–¼ï¸ saved: /out/demo_001/dashboard/images/05_fleet_action_distribution.png

ðŸ–¼ï¸ charts_created=5 (dashboard/images)

==========================================================================================
TIME: 2026-01-26 20:02:35Z
CMD : /usr/local/bin/python simulations/airline_ceo_pdf_report.py --dashboard /out/demo_001/dashboard --out /out/demo_001/reports
CWD : /app
RC  : 0
--- STDOUT ---
âœ… CEO report generated: /out/demo_001/reports/EXECUTIVE_REPORT.pdf (bytes=309395)

